<?xml version="1.0" encoding="UTF-8"?>
<testng-results ignored="0" total="1" passed="1" failed="0" skipped="0">
  <reporter-output>
  </reporter-output>
  <suite started-at="2023-11-27T12:22:22 IST" name="Default suite" finished-at="2023-11-27T12:23:38 IST" duration-ms="76739">
    <groups>
    </groups>
    <test started-at="2023-11-27T12:22:22 IST" name="Default test" finished-at="2023-11-27T12:23:38 IST" duration-ms="76739">
      <class name="SeliniumPrac.TwentySevenIxigo">
        <test-method signature="f()[pri:0, instance:SeliniumPrac.TwentySevenIxigo@77fbd92c]" started-at="2023-11-27T12:22:22 IST" name="f" finished-at="2023-11-27T12:23:38 IST" duration-ms="76696" status="PASS">
          <reporter-output>
          </reporter-output>
        </test-method> <!-- f -->
      </class> <!-- SeliniumPrac.TwentySevenIxigo -->
    </test> <!-- Default test -->
  </suite> <!-- Default suite -->
</testng-results>
